<?xml version="1.0" encoding="UTF-8"?>
<!-- Generated by org.testng.reporters.JUnitXMLReporter -->
<testsuite ignored="0" hostname="NITRO-5" failures="0" tests="3" name="Default test" time="0.62" errors="0" timestamp="2020-10-27T18:34:13 IST">
  <testcase classname="com.qainfotech.tap.training.snl.api.BoardTest" name="initialiseboard" time="0.03"/>
  <testcase classname="com.qainfotech.tap.training.snl.api.BoardTest" name="register_new_player" time="0.016"/>
  <testcase classname="com.qainfotech.tap.training.snl.api.BoardTest" name="rolldice" time="0.068"/>
</testsuite> <!-- Default test -->
