<?xml version="1.0" encoding="UTF-8"?>
<testng-results ignored="0" total="3" passed="3" failed="0" skipped="0">
  <reporter-output>
  </reporter-output>
  <suite started-at="2020-10-27T18:34:13 IST" name="Default suite" finished-at="2020-10-27T18:34:13 IST" duration-ms="620">
    <groups>
    </groups>
    <test started-at="2020-10-27T18:34:13 IST" name="Default test" finished-at="2020-10-27T18:34:13 IST" duration-ms="620">
      <class name="com.qainfotech.tap.training.snl.api.BoardTest">
        <test-method is-config="true" signature="setup()[pri:0, instance:com.qainfotech.tap.training.snl.api.BoardTest@4a668b6e]" started-at="2020-10-27T18:34:13 IST" name="setup" finished-at="2020-10-27T18:34:13 IST" duration-ms="434" status="PASS">
          <reporter-output>
          </reporter-output>
        </test-method> <!-- setup -->
        <test-method signature="initialiseboard()[pri:0, instance:com.qainfotech.tap.training.snl.api.BoardTest@4a668b6e]" started-at="2020-10-27T18:34:13 IST" name="initialiseboard" finished-at="2020-10-27T18:34:13 IST" duration-ms="30" status="PASS">
          <reporter-output>
          </reporter-output>
        </test-method> <!-- initialiseboard -->
        <test-method signature="register_new_player()[pri:0, instance:com.qainfotech.tap.training.snl.api.BoardTest@4a668b6e]" started-at="2020-10-27T18:34:13 IST" name="register_new_player" finished-at="2020-10-27T18:34:13 IST" duration-ms="16" status="PASS">
          <reporter-output>
          </reporter-output>
        </test-method> <!-- register_new_player -->
        <test-method signature="rolldice()[pri:0, instance:com.qainfotech.tap.training.snl.api.BoardTest@4a668b6e]" started-at="2020-10-27T18:34:13 IST" name="rolldice" finished-at="2020-10-27T18:34:13 IST" duration-ms="68" status="PASS">
          <reporter-output>
          </reporter-output>
        </test-method> <!-- rolldice -->
        <test-method is-config="true" signature="deleteplayer()[pri:0, instance:com.qainfotech.tap.training.snl.api.BoardTest@4a668b6e]" started-at="2020-10-27T18:34:13 IST" name="deleteplayer" finished-at="2020-10-27T18:34:13 IST" duration-ms="14" status="PASS">
          <reporter-output>
          </reporter-output>
        </test-method> <!-- deleteplayer -->
      </class> <!-- com.qainfotech.tap.training.snl.api.BoardTest -->
    </test> <!-- Default test -->
  </suite> <!-- Default suite -->
</testng-results>
